<?xml version="1.0" encoding="UTF-8"?>
<!-- Generated by org.testng.reporters.JUnitReportReporter -->
<testsuite skipped="0" hostname="DESKTOP-7UPAG26" name="com.vicentry.lab.testCases.CheckoutTest" tests="3" failures="0" timestamp="27 Jul 2022 18:37:03 GMT" time="12.654" errors="0">
  <testcase name="validaCheckoutPage" time="3.338" classname="com.vicentry.lab.testCases.CheckoutTest"/>
  <testcase name="validaCheckoutPage" time="5.094" classname="com.vicentry.lab.testCases.CheckoutTest"/>
  <testcase name="validaCheckoutPage" time="4.222" classname="com.vicentry.lab.testCases.CheckoutTest"/>
</testsuite> <!-- com.vicentry.lab.testCases.CheckoutTest -->
