<?xml version="1.0" encoding="UTF-8"?>
<!-- Generated by org.testng.reporters.JUnitReportReporter -->
<testsuite skipped="0" hostname="DESKTOP-7UPAG26" name="com.vicentry.lab.testCases.CheckOutPageValidator" tests="10" failures="0" timestamp="02 Aug 2022 18:47:07 GMT" time="45.134" errors="0">
  <testcase name="validaCheckoutPage" time="4.029" classname="com.vicentry.lab.testCases.CheckOutPageValidator"/>
  <testcase name="validaCheckoutPage" time="3.861" classname="com.vicentry.lab.testCases.CheckOutPageValidator"/>
  <testcase name="validaCheckoutPage" time="4.835" classname="com.vicentry.lab.testCases.CheckOutPageValidator"/>
  <testcase name="validaCheckoutPage" time="4.179" classname="com.vicentry.lab.testCases.CheckOutPageValidator"/>
  <testcase name="validaCheckoutPage" time="3.473" classname="com.vicentry.lab.testCases.CheckOutPageValidator"/>
  <testcase name="validaCheckoutPage" time="4.244" classname="com.vicentry.lab.testCases.CheckOutPageValidator"/>
  <testcase name="validaCheckoutPage" time="3.318" classname="com.vicentry.lab.testCases.CheckOutPageValidator"/>
  <testcase name="validaCheckoutPage" time="4.285" classname="com.vicentry.lab.testCases.CheckOutPageValidator"/>
  <testcase name="validaCheckoutPage" time="9.438" classname="com.vicentry.lab.testCases.CheckOutPageValidator"/>
  <testcase name="validaCheckoutPage" time="3.472" classname="com.vicentry.lab.testCases.CheckOutPageValidator"/>
</testsuite> <!-- com.vicentry.lab.testCases.CheckOutPageValidator -->
